{"level":"info","master_url":"http://192.168.31.66:8080","msg":"启动AHOP Worker","time":"2025-07-27 04:02:51","version":"1.0.0","worker_name":"AHOP Worker on development"}
{"level":"info","msg":"使用配置的worker_id","time":"2025-07-27 04:02:51","worker_id":"test-worker-001"}
{"level":"info","master_url":"http://192.168.31.66:8080","msg":"Worker认证成功，获得数据库和Redis凭据","time":"2025-07-27 04:02:51","worker_id":"test-worker-001"}
{"executors":3,"level":"info","msg":"已注册任务执行器","time":"2025-07-27 04:02:51"}
{"concurrency":2,"level":"info","msg":"Worker启动成功","time":"2025-07-27 04:02:51","worker_id":"test-worker-001"}
{"level":"info","msg":"Worker启动成功，正在等待任务...","time":"2025-07-27 04:02:51"}
{"level":"info","msg":"Git扫描队列消费者已启动","time":"2025-07-27 04:02:51"}
{"consumer_id":1,"level":"info","msg":"任务消费者启动","time":"2025-07-27 04:02:51","worker_id":"test-worker-001"}
{"consumer_id":0,"level":"info","msg":"任务消费者启动","time":"2025-07-27 04:02:51","worker_id":"test-worker-001"}
{"level":"info","msg":"Git同步订阅服务已启动","time":"2025-07-27 04:02:51"}
{"level":"debug","msg":"完成孤儿任务扫描","time":"2025-07-27 04:04:51"}
rker-001"}
{"level":"info","msg":"Git同步订阅服务已启动","time":"2025-07-27 04:02:51"}
{"level":"debug","msg":"完成孤儿任务扫描","time":"2025-07-27 04:04:51"}
{"level":"info","master_url":"http://192.168.31.66:8080","msg":"启动AHOP Worker","time":"2025-07-27 04:06:50","version":"1.0.0","worker_name":"AHOP Worker on development"}
{"level":"info","msg":"使用配置的worker_id","time":"2025-07-27 04:06:50","worker_id":"test-worker-001"}
{"error":"向Master认证失败: 认证失败: Worker ID 'test-worker-001' 已经被其他实例使用（IP: 192.168.31.66） (HTTP 200, Code 409)","level":"fatal","msg":"创建Worker失败","time":"2025-07-27 04:06:50"}
{"level":"info","master_url":"http://192.168.31.66:8080","msg":"启动AHOP Worker","time":"2025-07-27 04:09:45","version":"1.0.0","worker_name":"AHOP Worker on development"}
{"level":"info","msg":"使用配置的worker_id","time":"2025-07-27 04:09:45","worker_id":"test-worker-001"}
{"level":"info","master_url":"http://192.168.31.66:8080","msg":"Worker认证成功，获得数据库和Redis凭据","time":"2025-07-27 04:09:45","worker_id":"test-worker-001"}
{"executors":3,"level":"info","msg":"已注册任务执行器","time":"2025-07-27 04:09:45"}
{"concurrency":2,"level":"info","msg":"Worker启动成功","time":"2025-07-27 04:09:45","worker_id":"test-worker-001"}
{"level":"info","msg":"Worker启动成功，正在等待任务...","time":"2025-07-27 04:09:45"}
{"level":"info","msg":"Git扫描队列消费者已启动","time":"2025-07-27 04:09:45"}
{"consumer_id":0,"level":"info","msg":"任务消费者启动","time":"2025-07-27 04:09:45","worker_id":"test-worker-001"}
{"consumer_id":1,"level":"info","msg":"任务消费者启动","time":"2025-07-27 04:09:45","worker_id":"test-worker-001"}
{"level":"info","msg":"Git同步订阅服务已启动","time":"2025-07-27 04:09:45"}
{"level":"debug","msg":"完成孤儿任务扫描","time":"2025-07-27 04:11:45"}
{"level":"debug","msg":"完成孤儿任务扫描","time":"2025-07-27 04:13:45"}
{"level":"debug","msg":"完成孤儿任务扫描","time":"2025-07-27 04:15:45"}
{"level":"debug","msg":"完成孤儿任务扫描","time":"2025-07-27 04:17:45"}
{"consumer_id":0,"level":"info","msg":"开始处理任务","source":"api","task_id":"a816280f-e06e-411c-bff8-81c04a6264df","task_type":"template","tenant_id":1,"tenant_name":"默认租户","time":"2025-07-27 04:19:05","user_id":1,"username":"admin","worker_id":"test-worker-001"}
{"count":2,"host_ids":[1,3],"level":"debug","msg":"开始查询主机信息","tenant_id":1,"time":"2025-07-27 04:19:05"}
{"credential_type":"password","host_id":1,"host_ip":"127.0.0.1","host_name":"development","level":"debug","msg":"准备主机连接信息","time":"2025-07-27 04:19:05"}
{"credential_type":"password","host_id":3,"host_ip":"192.168.31.100","host_name":"","level":"debug","msg":"准备主机连接信息","time":"2025-07-27 04:19:05"}
{"level":"debug","msg":"主机信息准备完成","time":"2025-07-27 04:19:05","total_prepared":2,"total_requested":2}
{"consumer_id":0,"level":"info","msg":"任务执行成功","source":"api","task_id":"a816280f-e06e-411c-bff8-81c04a6264df","task_type":"template","tenant_id":1,"tenant_name":"默认租户","time":"2025-07-27 04:19:26","user_id":1,"username":"admin","worker_id":"test-worker-001"}
{"level":"debug","msg":"完成孤儿任务扫描","time":"2025-07-27 04:19:45"}
{"level":"debug","msg":"完成孤儿任务扫描","time":"2025-07-27 04:21:45"}
{"level":"debug","msg":"完成孤儿任务扫描","time":"2025-07-27 04:23:45"}
{"level":"debug","msg":"完成孤儿任务扫描","time":"2025-07-27 04:25:45"}
{"level":"debug","msg":"完成孤儿任务扫描","time":"2025-07-27 04:27:45"}
{"level":"debug","msg":"完成孤儿任务扫描","time":"2025-07-27 04:29:45"}
{"level":"debug","msg":"完成孤儿任务扫描","time":"2025-07-27 04:31:45"}
{"level":"debug","msg":"完成孤儿任务扫描","time":"2025-07-27 04:33:45"}
{"level":"debug","msg":"完成孤儿任务扫描","time":"2025-07-27 04:35:45"}
{"level":"debug","msg":"完成孤儿任务扫描","time":"2025-07-27 04:37:45"}
{"level":"debug","msg":"完成孤儿任务扫描","time":"2025-07-27 04:39:45"}
{"level":"debug","msg":"完成孤儿任务扫描","time":"2025-07-27 04:41:45"}
{"level":"debug","msg":"完成孤儿任务扫描","time":"2025-07-27 04:43:45"}
{"level":"debug","msg":"完成孤儿任务扫描","time":"2025-07-27 04:45:45"}
{"level":"debug","msg":"完成孤儿任务扫描","time":"2025-07-27 04:47:45"}
{"level":"debug","msg":"完成孤儿任务扫描","time":"2025-07-27 04:49:45"}
{"level":"debug","msg":"完成孤儿任务扫描","time":"2025-07-27 04:51:45"}
{"level":"debug","msg":"完成孤儿任务扫描","time":"2025-07-27 04:53:45"}
{"level":"debug","msg":"完成孤儿任务扫描","time":"2025-07-27 04:55:45"}
{"level":"debug","msg":"完成孤儿任务扫描","time":"2025-07-27 04:57:45"}
{"level":"debug","msg":"完成孤儿任务扫描","time":"2025-07-27 04:59:45"}
{"level":"debug","msg":"完成孤儿任务扫描","time":"2025-07-27 05:01:45"}
{"level":"debug","msg":"完成孤儿任务扫描","time":"2025-07-27 05:03:45"}
{"level":"debug","msg":"完成孤儿任务扫描","time":"2025-07-27 05:05:45"}
{"level":"debug","msg":"完成孤儿任务扫描","time":"2025-07-27 05:07:45"}
{"level":"debug","msg":"完成孤儿任务扫描","time":"2025-07-27 05:09:45"}
{"level":"debug","msg":"完成孤儿任务扫描","time":"2025-07-27 05:11:45"}
{"level":"debug","msg":"完成孤儿任务扫描","time":"2025-07-27 05:13:45"}
{"level":"debug","msg":"完成孤儿任务扫描","time":"2025-07-27 05:15:45"}
{"level":"debug","msg":"完成孤儿任务扫描","time":"2025-07-27 05:17:45"}
{"level":"debug","msg":"完成孤儿任务扫描","time":"2025-07-27 05:19:45"}
{"level":"debug","msg":"完成孤儿任务扫描","time":"2025-07-27 05:21:45"}
{"level":"debug","msg":"完成孤儿任务扫描","time":"2025-07-27 05:23:45"}
{"level":"debug","msg":"完成孤儿任务扫描","time":"2025-07-27 05:25:45"}
{"level":"debug","msg":"完成孤儿任务扫描","time":"2025-07-27 05:27:45"}
{"level":"debug","msg":"完成孤儿任务扫描","time":"2025-07-27 05:29:45"}
{"level":"debug","msg":"完成孤儿任务扫描","time":"2025-07-27 05:31:45"}
{"level":"debug","msg":"完成孤儿任务扫描","time":"2025-07-27 05:33:45"}
{"level":"debug","msg":"完成孤儿任务扫描","time":"2025-07-27 05:35:45"}
{"level":"debug","msg":"完成孤儿任务扫描","time":"2025-07-27 05:37:45"}
{"level":"debug","msg":"完成孤儿任务扫描","time":"2025-07-27 05:39:45"}
{"level":"debug","msg":"完成孤儿任务扫描","time":"2025-07-27 05:41:45"}
{"level":"debug","msg":"完成孤儿任务扫描","time":"2025-07-27 05:43:45"}
{"level":"debug","msg":"完成孤儿任务扫描","time":"2025-07-27 05:45:45"}
{"level":"debug","msg":"完成孤儿任务扫描","time":"2025-07-27 05:47:45"}
{"level":"debug","msg":"完成孤儿任务扫描","time":"2025-07-27 05:49:45"}
{"level":"debug","msg":"完成孤儿任务扫描","time":"2025-07-27 05:51:45"}
{"level":"debug","msg":"完成孤儿任务扫描","time":"2025-07-27 05:53:45"}
{"level":"debug","msg":"完成孤儿任务扫描","time":"2025-07-27 05:55:45"}
{"level":"debug","msg":"完成孤儿任务扫描","time":"2025-07-27 05:57:45"}
{"level":"debug","msg":"完成孤儿任务扫描","time":"2025-07-27 05:59:45"}
{"level":"debug","msg":"完成孤儿任务扫描","time":"2025-07-27 06:01:45"}
{"level":"debug","msg":"完成孤儿任务扫描","time":"2025-07-27 06:03:45"}
{"level":"debug","msg":"完成孤儿任务扫描","time":"2025-07-27 06:05:45"}
{"level":"debug","msg":"完成孤儿任务扫描","time":"2025-07-27 06:07:45"}
{"level":"debug","msg":"完成孤儿任务扫描","time":"2025-07-27 06:09:45"}
{"level":"debug","msg":"完成孤儿任务扫描","time":"2025-07-27 06:11:45"}
{"level":"debug","msg":"完成孤儿任务扫描","time":"2025-07-27 06:13:45"}
{"level":"debug","msg":"完成孤儿任务扫描","time":"2025-07-27 06:15:45"}
{"level":"debug","msg":"完成孤儿任务扫描","time":"2025-07-27 06:17:45"}
{"level":"debug","msg":"完成孤儿任务扫描","time":"2025-07-27 06:19:45"}
{"level":"debug","msg":"完成孤儿任务扫描","time":"2025-07-27 06:21:45"}
{"level":"debug","msg":"完成孤儿任务扫描","time":"2025-07-27 06:23:45"}
{"level":"debug","msg":"完成孤儿任务扫描","time":"2025-07-27 06:25:45"}
{"level":"debug","msg":"完成孤儿任务扫描","time":"2025-07-27 06:27:45"}
{"level":"debug","msg":"完成孤儿任务扫描","time":"2025-07-27 06:29:45"}
{"level":"debug","msg":"完成孤儿任务扫描","time":"2025-07-27 06:31:45"}
{"level":"debug","msg":"完成孤儿任务扫描","time":"2025-07-27 06:33:45"}
{"level":"debug","msg":"完成孤儿任务扫描","time":"2025-07-27 06:35:45"}
{"level":"debug","msg":"完成孤儿任务扫描","time":"2025-07-27 06:37:45"}
{"level":"debug","msg":"完成孤儿任务扫描","time":"2025-07-27 06:39:45"}
{"level":"debug","msg":"完成孤儿任务扫描","time":"2025-07-27 06:41:45"}
{"level":"debug","msg":"完成孤儿任务扫描","time":"2025-07-27 06:43:45"}
{"level":"debug","msg":"完成孤儿任务扫描","time":"2025-07-27 06:45:45"}
{"level":"debug","msg":"完成孤儿任务扫描","time":"2025-07-27 06:47:45"}
{"level":"debug","msg":"完成孤儿任务扫描","time":"2025-07-27 06:49:45"}
{"level":"debug","msg":"完成孤儿任务扫描","time":"2025-07-27 06:51:45"}
{"level":"debug","msg":"完成孤儿任务扫描","time":"2025-07-27 06:53:45"}
{"level":"debug","msg":"完成孤儿任务扫描","time":"2025-07-27 06:55:45"}
{"level":"debug","msg":"完成孤儿任务扫描","time":"2025-07-27 06:57:45"}
{"level":"debug","msg":"完成孤儿任务扫描","time":"2025-07-27 06:59:45"}
{"level":"debug","msg":"完成孤儿任务扫描","time":"2025-07-27 07:01:45"}
{"level":"debug","msg":"完成孤儿任务扫描","time":"2025-07-27 07:03:45"}
{"level":"debug","msg":"完成孤儿任务扫描","time":"2025-07-27 07:05:45"}
{"level":"debug","msg":"完成孤儿任务扫描","time":"2025-07-27 07:07:45"}
{"level":"debug","msg":"完成孤儿任务扫描","time":"2025-07-27 07:09:45"}
{"level":"debug","msg":"完成孤儿任务扫描","time":"2025-07-27 07:11:45"}
{"level":"debug","msg":"完成孤儿任务扫描","time":"2025-07-27 07:13:45"}
{"level":"debug","msg":"完成孤儿任务扫描","time":"2025-07-27 07:15:45"}
{"level":"debug","msg":"完成孤儿任务扫描","time":"2025-07-27 07:17:45"}
{"level":"debug","msg":"完成孤儿任务扫描","time":"2025-07-27 07:19:45"}
{"level":"debug","msg":"完成孤儿任务扫描","time":"2025-07-27 07:21:45"}
{"level":"debug","msg":"完成孤儿任务扫描","time":"2025-07-27 07:23:45"}
{"level":"debug","msg":"完成孤儿任务扫描","time":"2025-07-27 07:25:45"}
{"level":"debug","msg":"完成孤儿任务扫描","time":"2025-07-27 07:27:45"}
{"level":"debug","msg":"完成孤儿任务扫描","time":"2025-07-27 07:29:45"}
{"level":"debug","msg":"完成孤儿任务扫描","time":"2025-07-27 07:31:45"}
{"level":"debug","msg":"完成孤儿任务扫描","time":"2025-07-27 07:33:45"}
{"level":"debug","msg":"完成孤儿任务扫描","time":"2025-07-27 07:35:45"}
{"level":"debug","msg":"完成孤儿任务扫描","time":"2025-07-27 07:37:45"}
{"level":"debug","msg":"完成孤儿任务扫描","time":"2025-07-27 07:39:45"}
{"level":"debug","msg":"完成孤儿任务扫描","time":"2025-07-27 07:41:45"}
{"level":"debug","msg":"完成孤儿任务扫描","time":"2025-07-27 07:43:45"}
{"level":"debug","msg":"完成孤儿任务扫描","time":"2025-07-27 07:45:45"}
{"level":"debug","msg":"完成孤儿任务扫描","time":"2025-07-27 07:47:45"}
{"level":"debug","msg":"完成孤儿任务扫描","time":"2025-07-27 07:49:45"}
{"level":"debug","msg":"完成孤儿任务扫描","time":"2025-07-27 07:51:45"}
{"level":"debug","msg":"完成孤儿任务扫描","time":"2025-07-27 07:53:45"}
{"level":"debug","msg":"完成孤儿任务扫描","time":"2025-07-27 07:55:45"}
{"level":"debug","msg":"完成孤儿任务扫描","time":"2025-07-27 07:57:45"}
{"level":"debug","msg":"完成孤儿任务扫描","time":"2025-07-27 07:59:45"}
{"level":"debug","msg":"完成孤儿任务扫描","time":"2025-07-27 08:01:45"}
{"level":"debug","msg":"完成孤儿任务扫描","time":"2025-07-27 08:03:45"}
{"level":"debug","msg":"完成孤儿任务扫描","time":"2025-07-27 08:05:45"}
{"level":"debug","msg":"完成孤儿任务扫描","time":"2025-07-27 08:07:45"}
{"level":"debug","msg":"完成孤儿任务扫描","time":"2025-07-27 08:09:45"}
{"level":"debug","msg":"完成孤儿任务扫描","time":"2025-07-27 08:11:45"}
{"level":"debug","msg":"完成孤儿任务扫描","time":"2025-07-27 08:13:45"}
{"level":"debug","msg":"完成孤儿任务扫描","time":"2025-07-27 08:15:45"}
{"level":"debug","msg":"完成孤儿任务扫描","time":"2025-07-27 08:17:45"}
{"level":"debug","msg":"完成孤儿任务扫描","time":"2025-07-27 08:19:45"}
{"level":"debug","msg":"完成孤儿任务扫描","time":"2025-07-27 08:21:45"}
{"level":"debug","msg":"完成孤儿任务扫描","time":"2025-07-27 08:23:45"}
{"level":"debug","msg":"完成孤儿任务扫描","time":"2025-07-27 08:25:45"}
{"level":"debug","msg":"完成孤儿任务扫描","time":"2025-07-27 08:27:45"}
{"level":"debug","msg":"完成孤儿任务扫描","time":"2025-07-27 08:29:45"}
{"level":"debug","msg":"完成孤儿任务扫描","time":"2025-07-27 08:31:45"}
{"level":"debug","msg":"完成孤儿任务扫描","time":"2025-07-27 08:33:45"}
{"level":"debug","msg":"完成孤儿任务扫描","time":"2025-07-27 08:35:45"}
{"level":"debug","msg":"完成孤儿任务扫描","time":"2025-07-27 08:37:45"}
{"level":"debug","msg":"完成孤儿任务扫描","time":"2025-07-27 08:39:45"}
{"level":"debug","msg":"完成孤儿任务扫描","time":"2025-07-27 08:41:45"}
{"level":"debug","msg":"完成孤儿任务扫描","time":"2025-07-27 08:43:45"}
{"level":"debug","msg":"完成孤儿任务扫描","time":"2025-07-27 08:45:45"}
{"level":"debug","msg":"完成孤儿任务扫描","time":"2025-07-27 08:47:45"}
{"level":"debug","msg":"完成孤儿任务扫描","time":"2025-07-27 08:49:45"}
{"level":"debug","msg":"完成孤儿任务扫描","time":"2025-07-27 08:51:45"}
{"level":"debug","msg":"完成孤儿任务扫描","time":"2025-07-27 08:53:45"}
{"level":"debug","msg":"完成孤儿任务扫描","time":"2025-07-27 08:55:45"}
{"level":"debug","msg":"完成孤儿任务扫描","time":"2025-07-27 08:57:45"}
{"level":"debug","msg":"完成孤儿任务扫描","time":"2025-07-27 08:59:45"}
{"level":"debug","msg":"完成孤儿任务扫描","time":"2025-07-27 09:01:45"}
{"level":"debug","msg":"完成孤儿任务扫描","time":"2025-07-27 09:03:45"}
{"level":"debug","msg":"完成孤儿任务扫描","time":"2025-07-27 09:05:45"}
{"level":"debug","msg":"完成孤儿任务扫描","time":"2025-07-27 09:07:45"}
{"level":"debug","msg":"完成孤儿任务扫描","time":"2025-07-27 09:09:45"}
{"level":"debug","msg":"完成孤儿任务扫描","time":"2025-07-27 09:11:45"}
{"level":"debug","msg":"完成孤儿任务扫描","time":"2025-07-27 09:13:45"}
{"level":"debug","msg":"完成孤儿任务扫描","time":"2025-07-27 09:15:45"}
{"level":"debug","msg":"完成孤儿任务扫描","time":"2025-07-27 09:17:45"}
{"level":"debug","msg":"完成孤儿任务扫描","time":"2025-07-27 09:19:45"}
{"level":"debug","msg":"完成孤儿任务扫描","time":"2025-07-27 09:21:45"}
{"level":"debug","msg":"完成孤儿任务扫描","time":"2025-07-27 09:23:45"}
{"level":"debug","msg":"完成孤儿任务扫描","time":"2025-07-27 09:25:45"}
{"level":"debug","msg":"完成孤儿任务扫描","time":"2025-07-27 09:27:45"}
{"level":"debug","msg":"完成孤儿任务扫描","time":"2025-07-27 09:29:45"}
{"level":"debug","msg":"完成孤儿任务扫描","time":"2025-07-27 09:31:45"}
{"level":"debug","msg":"完成孤儿任务扫描","time":"2025-07-27 09:33:45"}
{"level":"debug","msg":"完成孤儿任务扫描","time":"2025-07-27 09:35:45"}
{"level":"debug","msg":"完成孤儿任务扫描","time":"2025-07-27 09:37:45"}
{"level":"debug","msg":"完成孤儿任务扫描","time":"2025-07-27 09:39:45"}
{"level":"debug","msg":"完成孤儿任务扫描","time":"2025-07-27 09:41:45"}
{"level":"debug","msg":"完成孤儿任务扫描","time":"2025-07-27 09:43:45"}
{"level":"debug","msg":"完成孤儿任务扫描","time":"2025-07-27 09:45:45"}
{"level":"debug","msg":"完成孤儿任务扫描","time":"2025-07-27 09:47:45"}
{"level":"debug","msg":"完成孤儿任务扫描","time":"2025-07-27 09:49:45"}
{"level":"debug","msg":"完成孤儿任务扫描","time":"2025-07-27 09:51:45"}
{"level":"debug","msg":"完成孤儿任务扫描","time":"2025-07-27 09:53:45"}
{"level":"debug","msg":"完成孤儿任务扫描","time":"2025-07-27 09:55:45"}
{"level":"debug","msg":"完成孤儿任务扫描","time":"2025-07-27 09:57:45"}
{"level":"debug","msg":"完成孤儿任务扫描","time":"2025-07-27 09:59:45"}
{"level":"debug","msg":"完成孤儿任务扫描","time":"2025-07-27 10:01:45"}
{"level":"debug","msg":"完成孤儿任务扫描","time":"2025-07-27 10:03:45"}
{"level":"debug","msg":"完成孤儿任务扫描","time":"2025-07-27 10:05:45"}
{"level":"debug","msg":"完成孤儿任务扫描","time":"2025-07-27 10:07:45"}
{"level":"debug","msg":"完成孤儿任务扫描","time":"2025-07-27 10:09:45"}
{"level":"debug","msg":"完成孤儿任务扫描","time":"2025-07-27 10:11:45"}
{"level":"debug","msg":"完成孤儿任务扫描","time":"2025-07-27 10:13:45"}
{"level":"debug","msg":"完成孤儿任务扫描","time":"2025-07-27 10:15:45"}
{"level":"debug","msg":"完成孤儿任务扫描","time":"2025-07-27 10:17:45"}
{"level":"debug","msg":"完成孤儿任务扫描","time":"2025-07-27 10:19:45"}
{"level":"debug","msg":"完成孤儿任务扫描","time":"2025-07-27 10:21:45"}
{"level":"debug","msg":"完成孤儿任务扫描","time":"2025-07-27 10:23:45"}
{"level":"debug","msg":"完成孤儿任务扫描","time":"2025-07-27 10:25:45"}
{"level":"debug","msg":"完成孤儿任务扫描","time":"2025-07-27 10:27:45"}
{"level":"debug","msg":"完成孤儿任务扫描","time":"2025-07-27 10:29:45"}
{"level":"debug","msg":"完成孤儿任务扫描","time":"2025-07-27 10:31:45"}
{"level":"debug","msg":"完成孤儿任务扫描","time":"2025-07-27 10:33:45"}
{"level":"debug","msg":"完成孤儿任务扫描","time":"2025-07-27 10:35:45"}
{"level":"debug","msg":"完成孤儿任务扫描","time":"2025-07-27 10:37:45"}
{"level":"debug","msg":"完成孤儿任务扫描","time":"2025-07-27 10:39:45"}
{"level":"debug","msg":"完成孤儿任务扫描","time":"2025-07-27 10:41:45"}
{"level":"debug","msg":"完成孤儿任务扫描","time":"2025-07-27 10:43:45"}
{"level":"debug","msg":"完成孤儿任务扫描","time":"2025-07-27 10:45:45"}
{"level":"debug","msg":"完成孤儿任务扫描","time":"2025-07-27 10:47:45"}
{"level":"debug","msg":"完成孤儿任务扫描","time":"2025-07-27 10:49:45"}
{"level":"debug","msg":"完成孤儿任务扫描","time":"2025-07-27 10:51:45"}
{"level":"debug","msg":"完成孤儿任务扫描","time":"2025-07-27 10:53:45"}
{"level":"debug","msg":"完成孤儿任务扫描","time":"2025-07-27 10:55:45"}
{"level":"debug","msg":"完成孤儿任务扫描","time":"2025-07-27 10:57:45"}
{"level":"debug","msg":"完成孤儿任务扫描","time":"2025-07-27 10:59:45"}
{"level":"debug","msg":"完成孤儿任务扫描","time":"2025-07-27 11:01:45"}
{"level":"debug","msg":"完成孤儿任务扫描","time":"2025-07-27 11:03:45"}
{"level":"debug","msg":"完成孤儿任务扫描","time":"2025-07-27 11:05:45"}
{"level":"debug","msg":"完成孤儿任务扫描","time":"2025-07-27 11:07:45"}
{"level":"debug","msg":"完成孤儿任务扫描","time":"2025-07-27 11:09:45"}
{"level":"debug","msg":"完成孤儿任务扫描","time":"2025-07-27 11:11:45"}
{"level":"debug","msg":"完成孤儿任务扫描","time":"2025-07-27 11:13:45"}
{"level":"debug","msg":"完成孤儿任务扫描","time":"2025-07-27 11:15:45"}
{"level":"debug","msg":"完成孤儿任务扫描","time":"2025-07-27 11:17:45"}
{"level":"debug","msg":"完成孤儿任务扫描","time":"2025-07-27 11:19:45"}
{"level":"debug","msg":"完成孤儿任务扫描","time":"2025-07-27 11:21:45"}
{"level":"debug","msg":"完成孤儿任务扫描","time":"2025-07-27 11:23:45"}
{"level":"debug","msg":"完成孤儿任务扫描","time":"2025-07-27 11:25:45"}
{"level":"debug","msg":"完成孤儿任务扫描","time":"2025-07-27 11:27:45"}
{"level":"debug","msg":"完成孤儿任务扫描","time":"2025-07-27 11:29:45"}
{"level":"debug","msg":"完成孤儿任务扫描","time":"2025-07-27 11:31:45"}
{"level":"debug","msg":"完成孤儿任务扫描","time":"2025-07-27 11:33:45"}
{"level":"debug","msg":"完成孤儿任务扫描","time":"2025-07-27 11:35:45"}
{"level":"debug","msg":"完成孤儿任务扫描","time":"2025-07-27 11:37:45"}
{"level":"debug","msg":"完成孤儿任务扫描","time":"2025-07-27 11:39:45"}
{"level":"debug","msg":"完成孤儿任务扫描","time":"2025-07-27 11:41:45"}
{"level":"debug","msg":"完成孤儿任务扫描","time":"2025-07-27 11:43:45"}
{"level":"debug","msg":"完成孤儿任务扫描","time":"2025-07-27 11:45:45"}
{"level":"debug","msg":"完成孤儿任务扫描","time":"2025-07-27 11:47:45"}
{"level":"debug","msg":"完成孤儿任务扫描","time":"2025-07-27 11:49:45"}
{"level":"debug","msg":"完成孤儿任务扫描","time":"2025-07-27 11:51:45"}
{"level":"debug","msg":"完成孤儿任务扫描","time":"2025-07-27 11:53:45"}
{"level":"debug","msg":"完成孤儿任务扫描","time":"2025-07-27 11:55:45"}
{"level":"debug","msg":"完成孤儿任务扫描","time":"2025-07-27 11:57:45"}
{"level":"debug","msg":"完成孤儿任务扫描","time":"2025-07-27 11:59:45"}
{"level":"debug","msg":"完成孤儿任务扫描","time":"2025-07-27 12:01:45"}
{"level":"debug","msg":"完成孤儿任务扫描","time":"2025-07-27 12:03:45"}
{"level":"debug","msg":"完成孤儿任务扫描","time":"2025-07-27 12:05:45"}
{"level":"debug","msg":"完成孤儿任务扫描","time":"2025-07-27 12:07:45"}
{"level":"debug","msg":"完成孤儿任务扫描","time":"2025-07-27 12:09:45"}
{"level":"debug","msg":"完成孤儿任务扫描","time":"2025-07-27 12:11:45"}
{"level":"debug","msg":"完成孤儿任务扫描","time":"2025-07-27 12:13:45"}
{"level":"debug","msg":"完成孤儿任务扫描","time":"2025-07-27 12:15:45"}
{"level":"debug","msg":"完成孤儿任务扫描","time":"2025-07-27 12:17:45"}
{"level":"debug","msg":"完成孤儿任务扫描","time":"2025-07-27 12:19:45"}
{"level":"debug","msg":"完成孤儿任务扫描","time":"2025-07-27 12:21:45"}
{"level":"debug","msg":"完成孤儿任务扫描","time":"2025-07-27 12:23:45"}
{"level":"debug","msg":"完成孤儿任务扫描","time":"2025-07-27 12:25:45"}
{"level":"debug","msg":"完成孤儿任务扫描","time":"2025-07-27 12:27:45"}
{"level":"debug","msg":"完成孤儿任务扫描","time":"2025-07-27 12:29:45"}
{"level":"debug","msg":"完成孤儿任务扫描","time":"2025-07-27 12:31:45"}
{"level":"debug","msg":"完成孤儿任务扫描","time":"2025-07-27 12:33:45"}
{"level":"debug","msg":"完成孤儿任务扫描","time":"2025-07-27 12:35:45"}
{"level":"debug","msg":"完成孤儿任务扫描","time":"2025-07-27 12:37:45"}
{"level":"debug","msg":"完成孤儿任务扫描","time":"2025-07-27 12:39:45"}
{"level":"debug","msg":"完成孤儿任务扫描","time":"2025-07-27 12:41:45"}
{"level":"debug","msg":"完成孤儿任务扫描","time":"2025-07-27 12:43:45"}
{"level":"debug","msg":"完成孤儿任务扫描","time":"2025-07-27 12:45:45"}
{"level":"debug","msg":"完成孤儿任务扫描","time":"2025-07-27 12:47:45"}
{"level":"debug","msg":"完成孤儿任务扫描","time":"2025-07-27 12:49:45"}
{"level":"debug","msg":"完成孤儿任务扫描","time":"2025-07-27 12:51:45"}
{"level":"debug","msg":"完成孤儿任务扫描","time":"2025-07-27 12:53:45"}
{"level":"debug","msg":"完成孤儿任务扫描","time":"2025-07-27 12:55:45"}
{"level":"debug","msg":"完成孤儿任务扫描","time":"2025-07-27 12:57:45"}
{"level":"debug","msg":"完成孤儿任务扫描","time":"2025-07-27 12:59:45"}
{"level":"debug","msg":"完成孤儿任务扫描","time":"2025-07-27 13:01:45"}
{"level":"debug","msg":"完成孤儿任务扫描","time":"2025-07-27 13:03:45"}
{"level":"debug","msg":"完成孤儿任务扫描","time":"2025-07-27 13:05:45"}
{"level":"debug","msg":"完成孤儿任务扫描","time":"2025-07-27 13:07:45"}
{"level":"debug","msg":"完成孤儿任务扫描","time":"2025-07-27 13:09:45"}
{"level":"debug","msg":"完成孤儿任务扫描","time":"2025-07-27 13:11:45"}
{"level":"debug","msg":"完成孤儿任务扫描","time":"2025-07-27 13:13:45"}
{"level":"debug","msg":"完成孤儿任务扫描","time":"2025-07-27 13:15:45"}
{"level":"debug","msg":"完成孤儿任务扫描","time":"2025-07-27 13:17:45"}
{"level":"debug","msg":"完成孤儿任务扫描","time":"2025-07-27 13:19:45"}
{"level":"debug","msg":"完成孤儿任务扫描","time":"2025-07-27 13:21:45"}
{"level":"debug","msg":"完成孤儿任务扫描","time":"2025-07-27 13:23:45"}
{"level":"debug","msg":"完成孤儿任务扫描","time":"2025-07-27 13:25:45"}
{"level":"debug","msg":"完成孤儿任务扫描","time":"2025-07-27 13:27:45"}
{"level":"debug","msg":"完成孤儿任务扫描","time":"2025-07-27 13:29:45"}
{"level":"debug","msg":"完成孤儿任务扫描","time":"2025-07-27 13:31:45"}
{"level":"debug","msg":"完成孤儿任务扫描","time":"2025-07-27 13:33:45"}
{"level":"debug","msg":"完成孤儿任务扫描","time":"2025-07-27 13:35:45"}
{"level":"debug","msg":"完成孤儿任务扫描","time":"2025-07-27 13:37:45"}
{"level":"debug","msg":"完成孤儿任务扫描","time":"2025-07-27 13:39:45"}
{"level":"debug","msg":"完成孤儿任务扫描","time":"2025-07-27 13:41:45"}
{"level":"debug","msg":"完成孤儿任务扫描","time":"2025-07-27 13:43:45"}
{"level":"debug","msg":"完成孤儿任务扫描","time":"2025-07-27 13:45:45"}
{"level":"debug","msg":"完成孤儿任务扫描","time":"2025-07-27 13:47:45"}
{"level":"debug","msg":"完成孤儿任务扫描","time":"2025-07-27 13:49:45"}
{"level":"debug","msg":"完成孤儿任务扫描","time":"2025-07-27 13:51:45"}
{"level":"debug","msg":"完成孤儿任务扫描","time":"2025-07-27 13:53:45"}
{"level":"debug","msg":"完成孤儿任务扫描","time":"2025-07-27 13:55:45"}
{"level":"debug","msg":"完成孤儿任务扫描","time":"2025-07-27 13:57:45"}
{"level":"debug","msg":"完成孤儿任务扫描","time":"2025-07-27 13:59:45"}
{"level":"debug","msg":"完成孤儿任务扫描","time":"2025-07-27 14:01:45"}
{"level":"debug","msg":"完成孤儿任务扫描","time":"2025-07-27 14:03:45"}
{"level":"debug","msg":"完成孤儿任务扫描","time":"2025-07-27 14:05:45"}
{"level":"debug","msg":"完成孤儿任务扫描","time":"2025-07-27 14:07:45"}
{"level":"debug","msg":"完成孤儿任务扫描","time":"2025-07-27 14:09:45"}
{"level":"debug","msg":"完成孤儿任务扫描","time":"2025-07-27 14:11:45"}
{"level":"debug","msg":"完成孤儿任务扫描","time":"2025-07-27 14:13:45"}
{"level":"debug","msg":"完成孤儿任务扫描","time":"2025-07-27 14:15:45"}
{"level":"debug","msg":"完成孤儿任务扫描","time":"2025-07-27 14:17:45"}
{"level":"debug","msg":"完成孤儿任务扫描","time":"2025-07-27 14:19:45"}
{"level":"debug","msg":"完成孤儿任务扫描","time":"2025-07-27 14:21:45"}
{"level":"debug","msg":"完成孤儿任务扫描","time":"2025-07-27 14:23:45"}
{"level":"debug","msg":"完成孤儿任务扫描","time":"2025-07-27 14:25:45"}
{"level":"debug","msg":"完成孤儿任务扫描","time":"2025-07-27 14:27:45"}
{"level":"debug","msg":"完成孤儿任务扫描","time":"2025-07-27 14:29:45"}
{"level":"debug","msg":"完成孤儿任务扫描","time":"2025-07-27 14:31:45"}
{"level":"debug","msg":"完成孤儿任务扫描","time":"2025-07-27 14:33:45"}
{"level":"debug","msg":"完成孤儿任务扫描","time":"2025-07-27 14:35:45"}
{"level":"debug","msg":"完成孤儿任务扫描","time":"2025-07-27 14:37:45"}
{"level":"debug","msg":"完成孤儿任务扫描","time":"2025-07-27 14:39:45"}
{"level":"debug","msg":"完成孤儿任务扫描","time":"2025-07-27 14:41:45"}
{"level":"debug","msg":"完成孤儿任务扫描","time":"2025-07-27 14:43:45"}
{"level":"debug","msg":"完成孤儿任务扫描","time":"2025-07-27 14:45:45"}
{"level":"debug","msg":"完成孤儿任务扫描","time":"2025-07-27 14:47:45"}
{"level":"debug","msg":"完成孤儿任务扫描","time":"2025-07-27 14:49:45"}
{"level":"debug","msg":"完成孤儿任务扫描","time":"2025-07-27 14:51:45"}
{"level":"debug","msg":"完成孤儿任务扫描","time":"2025-07-27 14:53:45"}
{"level":"debug","msg":"完成孤儿任务扫描","time":"2025-07-27 14:55:45"}
{"level":"debug","msg":"完成孤儿任务扫描","time":"2025-07-27 14:57:45"}
{"level":"debug","msg":"完成孤儿任务扫描","time":"2025-07-27 14:59:45"}
{"level":"debug","msg":"完成孤儿任务扫描","time":"2025-07-27 15:01:45"}
{"level":"debug","msg":"完成孤儿任务扫描","time":"2025-07-27 15:03:45"}
{"level":"debug","msg":"完成孤儿任务扫描","time":"2025-07-27 15:05:45"}
{"level":"debug","msg":"完成孤儿任务扫描","time":"2025-07-27 15:07:45"}
{"level":"debug","msg":"完成孤儿任务扫描","time":"2025-07-27 15:09:45"}
{"level":"debug","msg":"完成孤儿任务扫描","time":"2025-07-27 15:11:45"}
{"level":"debug","msg":"完成孤儿任务扫描","time":"2025-07-27 15:13:45"}
{"level":"debug","msg":"完成孤儿任务扫描","time":"2025-07-27 15:15:45"}
{"level":"debug","msg":"完成孤儿任务扫描","time":"2025-07-27 15:17:45"}
{"level":"info","msg":"收到退出信号，正在停止Worker...","time":"2025-07-27 15:18:00"}
{"level":"info","msg":"开始停止Worker","time":"2025-07-27 15:18:00"}
{"level":"info","msg":"Git同步订阅服务收到退出信号","time":"2025-07-27 15:18:00"}
{"consumer_id":1,"level":"info","msg":"任务消费者收到退出信号","time":"2025-07-27 15:18:04","worker_id":"test-worker-001"}
{"consumer_id":0,"level":"info","msg":"任务消费者收到退出信号","time":"2025-07-27 15:18:09","worker_id":"test-worker-001"}
{"level":"info","msg":"所有任务已完成","time":"2025-07-27 15:18:09"}
{"level":"info","msg":"已通知Master断开连接","time":"2025-07-27 15:18:09"}
{"level":"info","msg":"Worker已停止","time":"2025-07-27 15:18:09"}
{"level":"info","msg":"Worker已优雅停止","time":"2025-07-27 15:18:09"}
{"level":"info","master_url":"http://192.168.31.66:8080","msg":"启动AHOP Worker","time":"2025-07-27 22:45:42","version":"1.0.0","worker_name":"AHOP Worker on development"}
{"level":"info","msg":"使用配置的worker_id","time":"2025-07-27 22:45:42","worker_id":"test-worker-001"}
{"level":"info","master_url":"http://192.168.31.66:8080","msg":"Worker认证成功，获得数据库和Redis凭据","time":"2025-07-27 22:45:42","worker_id":"test-worker-001"}
{"executors":3,"level":"info","msg":"已注册任务执行器","time":"2025-07-27 22:45:42"}
{"concurrency":2,"level":"info","msg":"Worker启动成功","time":"2025-07-27 22:45:42","worker_id":"test-worker-001"}
{"level":"info","msg":"Worker启动成功，正在等待任务...","time":"2025-07-27 22:45:42"}
{"consumer_id":0,"level":"info","msg":"任务消费者启动","time":"2025-07-27 22:45:42","worker_id":"test-worker-001"}
{"level":"info","msg":"Git扫描队列消费者已启动","time":"2025-07-27 22:45:42"}
{"consumer_id":1,"level":"info","msg":"任务消费者启动","time":"2025-07-27 22:45:42","worker_id":"test-worker-001"}
{"level":"info","msg":"Git同步订阅服务已启动","time":"2025-07-27 22:45:42"}
{"consumer":"template_copy","level":"info","msg":"模板复制消费者启动","time":"2025-07-27 22:45:42","worker_id":"test-worker-001"}
{"level":"debug","msg":"完成孤儿任务扫描","time":"2025-07-27 22:47:42"}
{"level":"debug","msg":"完成孤儿任务扫描","time":"2025-07-27 22:49:42"}
{"action":"scan","level":"info","msg":"收到Git扫描任务","repository_id":1,"task_id":"scan_1_1_1753627795","tenant_id":1,"time":"2025-07-27 22:49:55"}
{"level":"info","msg":"执行增强扫描（包含文件树）","time":"2025-07-27 22:49:55"}
{"id":1,"level":"info","msg":"开始增强扫描","name":"测试脚本仓库","path":"/data/ahop/repos/1/1","time":"2025-07-27 22:49:55"}
{"level":"info","msg":"开始扫描相关文件","path":"/data/ahop/repos/1/1","time":"2025-07-27 22:49:55"}
{"level":"info","msg":"相关文件扫描完成","path":"/data/ahop/repos/1/1","time":"2025-07-27 22:49:55"}
{"level":"info","msg":"开始扫描survey文件","path":"/data/ahop/repos/1/1","time":"2025-07-27 22:49:55"}
{"level":"info","msg":"找到survey文件","name":"Nginx部署配置","parameters":6,"path":"survey.yml","time":"2025-07-27 22:49:55"}
{"count":1,"level":"info","msg":"survey文件扫描完成","time":"2025-07-27 22:49:55"}
{"level":"debug","msg":"扫描 Shell 脚本","path":"/data/ahop/repos/1/1/scripts/backup_database.sh","time":"2025-07-27 22:49:55"}
{"level":"debug","msg":"扫描 Shell 脚本","path":"/data/ahop/repos/1/1/scripts/system_info.sh","time":"2025-07-27 22:49:55"}
{"level":"debug","msg":"扫描 Shell 脚本","path":"/data/ahop/repos/1/1/test_shell_realtime.sh","time":"2025-07-27 22:49:55"}
{"level":"debug","msg":"脚本没有参数定义，跳过","path":"/data/ahop/repos/1/1/test_shell_realtime.sh","time":"2025-07-27 22:49:55"}
{"ansible_files":2,"level":"info","msg":"增强扫描完成","shell_files":3,"surveys":3,"template_files":1,"time":"2025-07-27 22:49:55","total_files":7}
{"level":"info","msg":"增强扫描完成，结果已存入Redis","survey_count":3,"task_id":"scan_1_1_1753627795","time":"2025-07-27 22:49:55","total_files":7}
{"level":"debug","msg":"完成孤儿任务扫描","time":"2025-07-27 22:51:42"}
{"level":"debug","msg":"完成孤儿任务扫描","time":"2025-07-27 22:53:42"}
{"level":"debug","msg":"完成孤儿任务扫描","time":"2025-07-27 22:55:42"}
{"level":"debug","msg":"完成孤儿任务扫描","time":"2025-07-27 22:57:42"}
{"level":"debug","msg":"完成孤儿任务扫描","time":"2025-07-27 22:59:42"}
{"level":"debug","msg":"完成孤儿任务扫描","time":"2025-07-27 23:01:42"}
{"level":"debug","msg":"完成孤儿任务扫描","time":"2025-07-27 23:03:42"}
{"level":"debug","msg":"完成孤儿任务扫描","time":"2025-07-27 23:05:42"}
{"level":"debug","msg":"完成孤儿任务扫描","time":"2025-07-27 23:07:42"}
{"level":"debug","msg":"完成孤儿任务扫描","time":"2025-07-27 23:09:42"}
{"error":"请求失败: Put \"http://192.168.31.66:8080/api/v1/worker/heartbeat\": dial tcp 192.168.31.66:8080: connect: connection refused","level":"warning","msg":"更新Master心跳失败","time":"2025-07-27 23:10:43"}
{"action":"scan","level":"info","msg":"收到Git扫描任务","repository_id":1,"task_id":"scan_1_1_1753629056","tenant_id":1,"time":"2025-07-27 23:10:56"}
{"level":"info","msg":"执行增强扫描（包含文件树）","time":"2025-07-27 23:10:56"}
{"id":1,"level":"info","msg":"开始增强扫描","name":"测试脚本仓库","path":"/data/ahop/repos/1/1","time":"2025-07-27 23:10:56"}
{"level":"info","msg":"开始扫描相关文件","path":"/data/ahop/repos/1/1","time":"2025-07-27 23:10:56"}
{"level":"info","msg":"相关文件扫描完成","path":"/data/ahop/repos/1/1","time":"2025-07-27 23:10:56"}
{"level":"info","msg":"开始扫描survey文件","path":"/data/ahop/repos/1/1","time":"2025-07-27 23:10:56"}
{"level":"info","msg":"找到survey文件","name":"Nginx部署配置","parameters":6,"path":"survey.yml","time":"2025-07-27 23:10:56"}
{"count":1,"level":"info","msg":"survey文件扫描完成","time":"2025-07-27 23:10:56"}
{"level":"debug","msg":"扫描 Shell 脚本","path":"/data/ahop/repos/1/1/scripts/backup_database.sh","time":"2025-07-27 23:10:56"}
{"level":"debug","msg":"扫描 Shell 脚本","path":"/data/ahop/repos/1/1/scripts/system_info.sh","time":"2025-07-27 23:10:56"}
{"level":"debug","msg":"扫描 Shell 脚本","path":"/data/ahop/repos/1/1/test_shell_realtime.sh","time":"2025-07-27 23:10:56"}
{"level":"debug","msg":"脚本没有参数定义，跳过","path":"/data/ahop/repos/1/1/test_shell_realtime.sh","time":"2025-07-27 23:10:56"}
{"ansible_files":2,"level":"info","msg":"增强扫描完成","shell_files":3,"surveys":3,"template_files":1,"time":"2025-07-27 23:10:56","total_files":7}
{"level":"info","msg":"增强扫描完成，结果已存入Redis","survey_count":3,"task_id":"scan_1_1_1753629056","time":"2025-07-27 23:10:56","total_files":7}
{"level":"debug","msg":"完成孤儿任务扫描","time":"2025-07-27 23:11:42"}
{"level":"debug","msg":"完成孤儿任务扫描","time":"2025-07-27 23:13:42"}
{"level":"debug","msg":"完成孤儿任务扫描","time":"2025-07-27 23:15:42"}
{"level":"debug","msg":"完成孤儿任务扫描","time":"2025-07-27 23:17:42"}
{"level":"debug","msg":"完成孤儿任务扫描","time":"2025-07-27 23:19:42"}
{"level":"debug","msg":"完成孤儿任务扫描","time":"2025-07-27 23:21:42"}
{"level":"debug","msg":"完成孤儿任务扫描","time":"2025-07-27 23:23:42"}
{"level":"debug","msg":"完成孤儿任务扫描","time":"2025-07-27 23:25:42"}
{"level":"debug","msg":"完成孤儿任务扫描","time":"2025-07-27 23:27:42"}
{"level":"debug","msg":"完成孤儿任务扫描","time":"2025-07-27 23:29:42"}
{"level":"debug","msg":"完成孤儿任务扫描","time":"2025-07-27 23:31:42"}
{"level":"debug","msg":"完成孤儿任务扫描","time":"2025-07-27 23:33:42"}
{"level":"debug","msg":"完成孤儿任务扫描","time":"2025-07-27 23:35:42"}
{"level":"debug","msg":"完成孤儿任务扫描","time":"2025-07-27 23:37:42"}
{"level":"debug","msg":"完成孤儿任务扫描","time":"2025-07-27 23:39:42"}
{"level":"debug","msg":"完成孤儿任务扫描","time":"2025-07-27 23:41:42"}
{"level":"debug","msg":"完成孤儿任务扫描","time":"2025-07-27 23:43:42"}
{"level":"debug","msg":"完成孤儿任务扫描","time":"2025-07-27 23:45:42"}
{"level":"debug","msg":"完成孤儿任务扫描","time":"2025-07-27 23:47:42"}
{"level":"debug","msg":"完成孤儿任务扫描","time":"2025-07-27 23:49:42"}
{"level":"debug","msg":"完成孤儿任务扫描","time":"2025-07-27 23:51:42"}
{"level":"debug","msg":"完成孤儿任务扫描","time":"2025-07-27 23:53:42"}
{"level":"debug","msg":"完成孤儿任务扫描","time":"2025-07-27 23:55:42"}
{"level":"debug","msg":"完成孤儿任务扫描","time":"2025-07-27 23:57:42"}
{"level":"debug","msg":"完成孤儿任务扫描","time":"2025-07-27 23:59:42"}
{"level":"debug","msg":"完成孤儿任务扫描","time":"2025-07-28 00:01:42"}
{"level":"debug","msg":"完成孤儿任务扫描","time":"2025-07-28 00:03:42"}
{"level":"debug","msg":"完成孤儿任务扫描","time":"2025-07-28 00:05:42"}
{"level":"debug","msg":"完成孤儿任务扫描","time":"2025-07-28 00:07:42"}
